[debug] [2020-01-25T17:42:14.612Z] ----------------------------------------------------------------------
[debug] [2020-01-25T17:42:14.614Z] Command:       /usr/local/bin/node /usr/local/bin/firebase init
[debug] [2020-01-25T17:42:14.614Z] CLI Version:   7.12.1
[debug] [2020-01-25T17:42:14.614Z] Platform:      darwin
[debug] [2020-01-25T17:42:14.614Z] Node Version:  v12.3.1
[debug] [2020-01-25T17:42:14.623Z] Time:          Sat Jan 25 2020 12:42:14 GMT-0500 (Eastern Standard Time)
[debug] [2020-01-25T17:42:14.623Z] ----------------------------------------------------------------------
[debug] [2020-01-25T17:42:14.623Z] 
[debug] [2020-01-25T17:42:14.636Z] > command requires scopes: ["email","openid","https://www.googleapis.com/auth/cloudplatformprojects.readonly","https://www.googleapis.com/auth/firebase","https://www.googleapis.com/auth/cloud-platform"]
[debug] [2020-01-25T17:42:14.636Z] > authorizing via signed-in user
[info] 
     ######## #### ########  ######## ########     ###     ######  ########
     ##        ##  ##     ## ##       ##     ##  ##   ##  ##       ##
     ######    ##  ########  ######   ########  #########  ######  ######
     ##        ##  ##    ##  ##       ##     ## ##     ##       ## ##
     ##       #### ##     ## ######## ########  ##     ##  ######  ########

You're about to initialize a Firebase project in this directory:

  /Users/estherkim/workspace/hackatbrown2020

[info] 
=== Project Setup
[info] 
[info] First, let's associate this project directory with a Firebase project.
[info] You can create multiple project aliases by running firebase use --add, 
[info] but for now we'll just set up a default project.
[info] 
[debug] [2020-01-25T17:42:34.714Z] >>> HTTP REQUEST GET https://firebase.googleapis.com/v1beta1/projects?pageSize=100  
 
[debug] [2020-01-25T17:42:35.002Z] <<< HTTP RESPONSE 200
[info] i  Using project hab2020-twdbeproud (hab2020-twdbeproud)
[info] 
=== Database Setup
[info] 
[info] Firebase Realtime Database Rules allow you to define how your data should be
[info] structured and when your data can be read from and written to.
[info] 
[debug] [2020-01-25T17:42:38.701Z] >>> HTTP REQUEST GET https://hab2020-twdbeproud.firebaseio.com/.settings/rules.json  
 
[debug] [2020-01-25T17:42:38.948Z] <<< HTTP RESPONSE 200
[info] ✔  Database Rules for hab2020-twdbeproud have been downloaded to database.rules.json.
[info] Future modifications to database.rules.json will update Database Rules when you run
[info] firebase deploy.
[info] 
=== Hosting Setup
[info] 
[info] Your public directory is the folder (relative to your project directory) that
[info] will contain Hosting assets to be uploaded with firebase deploy. If you
[info] have a build process for your assets, use your build's output directory.
[info] 
